2022.03.10 12:26:34 INFO  es[][o.e.n.Node] initializing ...
2022.03.10 12:26:34 INFO  es[][o.e.e.NodeEnvironment] using [1] data paths, mounts [[/ (/dev/xvda1)]], net usable_space [22gb], net total_space [24.1gb], spins? [no], types [ext4]
2022.03.10 12:26:34 INFO  es[][o.e.e.NodeEnvironment] heap size [495.3mb], compressed ordinary object pointers [true]
2022.03.10 12:26:34 INFO  es[][o.e.n.Node] node name [sonarqube], node ID [Dq-ZV16WSW2GtG3JfOS-sQ]
2022.03.10 12:26:34 INFO  es[][o.e.n.Node] version[5.6.3], pid[9090], build[1a2f265/2017-10-06T20:33:39.012Z], OS[Linux/5.4.0-1060-aws/amd64], JVM[Private Build/OpenJDK 64-Bit Server VM/1.8.0_312/25.312-b07]
2022.03.10 12:26:34 INFO  es[][o.e.n.Node] JVM arguments [-XX:+UseConcMarkSweepGC, -XX:CMSInitiatingOccupancyFraction=75, -XX:+UseCMSInitiatingOccupancyOnly, -XX:+AlwaysPreTouch, -Xss1m, -Djava.awt.headless=true, -Dfile.encoding=UTF-8, -Djna.nosys=true, -Djdk.io.permissionsUseCanonicalPath=true, -Dio.netty.noUnsafe=true, -Dio.netty.noKeySetOptimization=true, -Dio.netty.recycler.maxCapacityPerThread=0, -Dlog4j.shutdownHookEnabled=false, -Dlog4j2.disable.jmx=true, -Dlog4j.skipJansi=true, -Xms512m, -Xmx512m, -XX:+HeapDumpOnOutOfMemoryError, -Des.path.home=/home/ubuntu/sonarqube-7.3/elasticsearch]
2022.03.10 12:26:35 INFO  es[][o.e.p.PluginsService] loaded module [aggs-matrix-stats]
2022.03.10 12:26:35 INFO  es[][o.e.p.PluginsService] loaded module [ingest-common]
2022.03.10 12:26:35 INFO  es[][o.e.p.PluginsService] loaded module [parent-join]
2022.03.10 12:26:35 INFO  es[][o.e.p.PluginsService] loaded module [percolator]
2022.03.10 12:26:35 INFO  es[][o.e.p.PluginsService] loaded module [reindex]
2022.03.10 12:26:35 INFO  es[][o.e.p.PluginsService] loaded module [transport-netty4]
2022.03.10 12:26:35 INFO  es[][o.e.p.PluginsService] no plugins loaded
2022.03.10 12:26:37 INFO  es[][o.e.d.DiscoveryModule] using discovery type [zen]
2022.03.10 12:26:37 INFO  es[][o.e.n.Node] initialized
2022.03.10 12:26:37 INFO  es[][o.e.n.Node] starting ...
2022.03.10 12:26:37 INFO  es[][o.e.t.TransportService] publish_address {127.0.0.1:9001}, bound_addresses {127.0.0.1:9001}
2022.03.10 12:26:37 WARN  es[][o.e.b.BootstrapChecks] max virtual memory areas vm.max_map_count [65530] is too low, increase to at least [262144]
2022.03.10 12:26:40 INFO  es[][o.e.c.s.ClusterService] new_master {sonarqube}{Dq-ZV16WSW2GtG3JfOS-sQ}{oMeXYjGIRcelgTF5WF9p3g}{127.0.0.1}{127.0.0.1:9001}{rack_id=sonarqube}, reason: zen-disco-elected-as-master ([0] nodes joined)
2022.03.10 12:26:40 INFO  es[][o.e.n.Node] started
2022.03.10 12:26:40 INFO  es[][o.e.g.GatewayService] recovered [0] indices into cluster_state
2022.03.10 12:26:48 INFO  es[][o.e.c.m.MetaDataCreateIndexService] [metadatas] creating index, cause [api], templates [], shards [1]/[0], mappings []
2022.03.10 12:26:48 INFO  es[][o.e.c.r.a.AllocationService] Cluster health status changed from [YELLOW] to [GREEN] (reason: [shards started [[metadatas][0]] ...]).
2022.03.10 12:26:48 INFO  es[][o.e.c.m.MetaDataMappingService] [metadatas/FGtHkgPgRQ2EgvTm2oQGHQ] create_mapping [metadata]
2022.03.10 12:26:48 INFO  es[][o.e.c.m.MetaDataCreateIndexService] [components] creating index, cause [api], templates [], shards [5]/[0], mappings []
2022.03.10 12:26:48 INFO  es[][o.e.c.r.a.AllocationService] Cluster health status changed from [YELLOW] to [GREEN] (reason: [shards started [[components][4]] ...]).
2022.03.10 12:26:48 INFO  es[][o.e.c.m.MetaDataMappingService] [components/o_zgP1Q9QEKSUqa7ObkpHw] create_mapping [component]
2022.03.10 12:26:48 INFO  es[][o.e.c.m.MetaDataMappingService] [components/o_zgP1Q9QEKSUqa7ObkpHw] create_mapping [authorization]
2022.03.10 12:26:48 INFO  es[][o.e.c.m.MetaDataCreateIndexService] [tests] creating index, cause [api], templates [], shards [5]/[0], mappings []
2022.03.10 12:26:48 INFO  es[][o.e.c.r.a.AllocationService] Cluster health status changed from [YELLOW] to [GREEN] (reason: [shards started [[tests][4]] ...]).
2022.03.10 12:26:48 INFO  es[][o.e.c.m.MetaDataMappingService] [tests/o2ct7zblRUCTgWZCLAfVsQ] create_mapping [test]
2022.03.10 12:26:49 INFO  es[][o.e.c.m.MetaDataCreateIndexService] [projectmeasures] creating index, cause [api], templates [], shards [5]/[0], mappings []
2022.03.10 12:26:49 INFO  es[][o.e.c.r.a.AllocationService] Cluster health status changed from [YELLOW] to [GREEN] (reason: [shards started [[projectmeasures][4]] ...]).
2022.03.10 12:26:49 INFO  es[][o.e.c.m.MetaDataMappingService] [projectmeasures/_Xd5Szj2TXmdQ-CUuY1yFA] create_mapping [projectmeasure]
2022.03.10 12:26:49 INFO  es[][o.e.c.m.MetaDataMappingService] [projectmeasures/_Xd5Szj2TXmdQ-CUuY1yFA] create_mapping [authorization]
2022.03.10 12:26:49 INFO  es[][o.e.c.m.MetaDataCreateIndexService] [rules] creating index, cause [api], templates [], shards [2]/[0], mappings []
2022.03.10 12:26:49 INFO  es[][o.e.c.r.a.AllocationService] Cluster health status changed from [YELLOW] to [GREEN] (reason: [shards started [[rules][0]] ...]).
2022.03.10 12:26:49 INFO  es[][o.e.c.m.MetaDataMappingService] [rules/qrWwZ7-hS2ycpai-I4QqPw] create_mapping [activeRule]
2022.03.10 12:26:49 INFO  es[][o.e.c.m.MetaDataMappingService] [rules/qrWwZ7-hS2ycpai-I4QqPw] create_mapping [ruleExtension]
2022.03.10 12:26:49 INFO  es[][o.e.c.m.MetaDataMappingService] [rules/qrWwZ7-hS2ycpai-I4QqPw] create_mapping [rule]
2022.03.10 12:26:49 INFO  es[][o.e.c.m.MetaDataCreateIndexService] [issues] creating index, cause [api], templates [], shards [5]/[0], mappings []
2022.03.10 12:26:49 INFO  es[][o.e.c.r.a.AllocationService] Cluster health status changed from [YELLOW] to [GREEN] (reason: [shards started [[issues][4]] ...]).
2022.03.10 12:26:49 INFO  es[][o.e.c.m.MetaDataMappingService] [issues/rF2JN_oFQGqm54mIFj-_Cg] create_mapping [issue]
2022.03.10 12:26:49 INFO  es[][o.e.c.m.MetaDataMappingService] [issues/rF2JN_oFQGqm54mIFj-_Cg] create_mapping [authorization]
2022.03.10 12:26:49 INFO  es[][o.e.c.m.MetaDataCreateIndexService] [users] creating index, cause [api], templates [], shards [1]/[0], mappings []
2022.03.10 12:26:49 INFO  es[][o.e.c.r.a.AllocationService] Cluster health status changed from [YELLOW] to [GREEN] (reason: [shards started [[users][0]] ...]).
2022.03.10 12:26:49 INFO  es[][o.e.c.m.MetaDataMappingService] [users/0OEicdjARzmSh5YFoHcrKA] create_mapping [user]
2022.03.10 12:26:49 INFO  es[][o.e.c.m.MetaDataCreateIndexService] [views] creating index, cause [api], templates [], shards [5]/[0], mappings []
2022.03.10 12:26:49 INFO  es[][o.e.c.r.a.AllocationService] Cluster health status changed from [YELLOW] to [GREEN] (reason: [shards started [[views][4]] ...]).
2022.03.10 12:26:49 INFO  es[][o.e.c.m.MetaDataMappingService] [views/8HrU8i0tR1-3Ca8PGXLJFQ] create_mapping [view]
2022.03.10 12:27:14 INFO  es[][o.e.c.s.IndexScopedSettings] updating [index.refresh_interval] from [30s] to [-1]
2022.03.10 12:27:14 INFO  es[][o.e.c.s.IndexScopedSettings] updating [index.refresh_interval] from [30s] to [-1]
2022.03.10 12:27:15 INFO  es[][o.e.c.s.IndexScopedSettings] updating [index.refresh_interval] from [-1] to [30s]
2022.03.10 12:27:15 INFO  es[][o.e.c.s.IndexScopedSettings] updating [index.refresh_interval] from [-1] to [30s]
2022.03.10 12:27:15 INFO  es[][o.e.c.s.IndexScopedSettings] updating [index.refresh_interval] from [30s] to [-1]
2022.03.10 12:27:15 INFO  es[][o.e.c.s.IndexScopedSettings] updating [index.refresh_interval] from [30s] to [-1]
2022.03.10 12:27:15 INFO  es[][o.e.c.s.IndexScopedSettings] updating [index.refresh_interval] from [-1] to [30s]
2022.03.10 12:27:15 INFO  es[][o.e.c.s.IndexScopedSettings] updating [index.refresh_interval] from [-1] to [30s]
2022.03.10 12:48:28 INFO  es[][o.e.n.Node] stopping ...
2022.03.10 12:48:28 INFO  es[][o.e.n.Node] stopped
2022.03.10 12:48:28 INFO  es[][o.e.n.Node] closing ...
2022.03.10 12:48:28 INFO  es[][o.e.n.Node] closed
