--> Wrapper Started as Console
Launching a JVM...
Wrapper (Version 3.2.3) http://wrapper.tanukisoftware.org
  Copyright 1999-2006 Tanuki Software, Inc.  All Rights Reserved.

2022.03.10 12:26:32 INFO  app[][o.s.a.AppFileSystem] Cleaning or creating temp directory /home/ubuntu/sonarqube-7.3/temp
2022.03.10 12:26:32 INFO  app[][o.s.a.es.EsSettings] Elasticsearch listening on /127.0.0.1:9001
2022.03.10 12:26:32 INFO  app[][o.s.a.p.ProcessLauncherImpl] Launch process[[key='es', ipcIndex=1, logFilenamePrefix=es]] from [/home/ubuntu/sonarqube-7.3/elasticsearch]: /home/ubuntu/sonarqube-7.3/elasticsearch/bin/elasticsearch -Epath.conf=/home/ubuntu/sonarqube-7.3/temp/conf/es
2022.03.10 12:26:32 INFO  app[][o.s.a.SchedulerImpl] Waiting for Elasticsearch to be up and running
2022.03.10 12:26:32 INFO  app[][o.e.p.PluginsService] no modules loaded
2022.03.10 12:26:32 INFO  app[][o.e.p.PluginsService] loaded plugin [org.elasticsearch.transport.Netty4Plugin]
2022.03.10 12:26:40 INFO  app[][o.s.a.SchedulerImpl] Process[es] is up
2022.03.10 12:26:40 INFO  app[][o.s.a.p.ProcessLauncherImpl] Launch process[[key='web', ipcIndex=2, logFilenamePrefix=web]] from [/home/ubuntu/sonarqube-7.3]: /usr/lib/jvm/java-8-openjdk-amd64/jre/bin/java -Djava.awt.headless=true -Dfile.encoding=UTF-8 -Djava.io.tmpdir=/home/ubuntu/sonarqube-7.3/temp -Xmx512m -Xms128m -XX:+HeapDumpOnOutOfMemoryError -cp ./lib/common/*:/home/ubuntu/sonarqube-7.3/lib/jdbc/h2/h2-1.3.176.jar org.sonar.server.app.WebServer /home/ubuntu/sonarqube-7.3/temp/sq-process2102340562060302839properties
2022.03.10 12:27:15 INFO  app[][o.s.a.SchedulerImpl] Process[web] is up
2022.03.10 12:27:15 INFO  app[][o.s.a.p.ProcessLauncherImpl] Launch process[[key='ce', ipcIndex=3, logFilenamePrefix=ce]] from [/home/ubuntu/sonarqube-7.3]: /usr/lib/jvm/java-8-openjdk-amd64/jre/bin/java -Djava.awt.headless=true -Dfile.encoding=UTF-8 -Djava.io.tmpdir=/home/ubuntu/sonarqube-7.3/temp -Xmx512m -Xms128m -XX:+HeapDumpOnOutOfMemoryError -cp ./lib/common/*:/home/ubuntu/sonarqube-7.3/lib/jdbc/h2/h2-1.3.176.jar org.sonar.ce.app.CeServer /home/ubuntu/sonarqube-7.3/temp/sq-process7930975013122291020properties
2022.03.10 12:27:20 INFO  app[][o.s.a.SchedulerImpl] Process[ce] is up
2022.03.10 12:27:20 INFO  app[][o.s.a.SchedulerImpl] SonarQube is up
TERM trapped.  Shutting down.
2022.03.10 12:48:28 WARN  app[][o.s.a.p.AbstractProcessMonitor] Process exited with exit value [es]: 143
2022.03.10 12:48:28 INFO  app[][o.s.a.SchedulerImpl] Process [es] is stopped
2022.03.10 12:48:30 WARN  app[][o.s.a.p.AbstractProcessMonitor] Process exited with exit value [ce]: 143
2022.03.10 12:48:30 WARN  app[][o.s.a.p.AbstractProcessMonitor] Process exited with exit value [ce]: 143
2022.03.10 12:48:30 INFO  app[][o.s.a.SchedulerImpl] Process [ce] is stopped
2022.03.10 12:48:30 WARN  app[][o.s.a.p.AbstractProcessMonitor] Process exited with exit value [web]: 143
2022.03.10 12:48:30 WARN  app[][o.s.a.p.AbstractProcessMonitor] Process exited with exit value [web]: 143
2022.03.10 12:48:30 INFO  app[][o.s.a.SchedulerImpl] Process [web] is stopped
2022.03.10 12:48:30 INFO  app[][o.s.a.SchedulerImpl] SonarQube is stopped
<-- Wrapper Stopped
--> Wrapper Started as Daemon
Launching a JVM...
Wrapper (Version 3.2.3) http://wrapper.tanukisoftware.org
  Copyright 1999-2006 Tanuki Software, Inc.  All Rights Reserved.

2022.03.14 10:29:34 INFO  app[][o.s.a.AppFileSystem] Cleaning or creating temp directory /home/ubuntu/sonarqube-7.3/temp
2022.03.14 10:29:34 INFO  app[][o.s.a.es.EsSettings] Elasticsearch listening on /127.0.0.1:9001
2022.03.14 10:29:34 INFO  app[][o.s.a.p.ProcessLauncherImpl] Launch process[[key='es', ipcIndex=1, logFilenamePrefix=es]] from [/home/ubuntu/sonarqube-7.3/elasticsearch]: /home/ubuntu/sonarqube-7.3/elasticsearch/bin/elasticsearch -Epath.conf=/home/ubuntu/sonarqube-7.3/temp/conf/es
2022.03.14 10:29:34 INFO  app[][o.s.a.SchedulerImpl] Waiting for Elasticsearch to be up and running
OpenJDK 64-Bit Server VM warning: Option UseConcMarkSweepGC was deprecated in version 9.0 and will likely be removed in a future release.
2022.03.14 10:29:35 INFO  app[][o.e.p.PluginsService] no modules loaded
2022.03.14 10:29:35 INFO  app[][o.e.p.PluginsService] loaded plugin [org.elasticsearch.transport.Netty4Plugin]
WARNING: An illegal reflective access operation has occurred
WARNING: Illegal reflective access by io.netty.util.internal.ReflectionUtil (file:/home/ubuntu/sonarqube-7.3/lib/common/netty-common-4.1.13.Final.jar) to constructor java.nio.DirectByteBuffer(long,int)
WARNING: Please consider reporting this to the maintainers of io.netty.util.internal.ReflectionUtil
WARNING: Use --illegal-access=warn to enable warnings of further illegal reflective access operations
WARNING: All illegal access operations will be denied in a future release
2022.03.14 10:29:46 INFO  app[][o.s.a.SchedulerImpl] Process[es] is up
2022.03.14 10:29:46 INFO  app[][o.s.a.p.ProcessLauncherImpl] Launch process[[key='web', ipcIndex=2, logFilenamePrefix=web]] from [/home/ubuntu/sonarqube-7.3]: /usr/lib/jvm/java-11-openjdk-amd64/bin/java -Djava.awt.headless=true -Dfile.encoding=UTF-8 -Djava.io.tmpdir=/home/ubuntu/sonarqube-7.3/temp -Xmx512m -Xms128m -XX:+HeapDumpOnOutOfMemoryError -cp ./lib/common/*:/home/ubuntu/sonarqube-7.3/lib/jdbc/h2/h2-1.3.176.jar org.sonar.server.app.WebServer /home/ubuntu/sonarqube-7.3/temp/sq-process9554759929132838336properties
WARNING: An illegal reflective access operation has occurred
WARNING: Illegal reflective access by io.netty.util.internal.ReflectionUtil (file:/home/ubuntu/sonarqube-7.3/lib/common/netty-common-4.1.13.Final.jar) to constructor java.nio.DirectByteBuffer(long,int)
WARNING: Please consider reporting this to the maintainers of io.netty.util.internal.ReflectionUtil
WARNING: Use --illegal-access=warn to enable warnings of further illegal reflective access operations
WARNING: All illegal access operations will be denied in a future release
Warning: Nashorn engine is planned to be removed from a future JDK release
Warning: Nashorn engine is planned to be removed from a future JDK release
2022.03.14 10:30:04 INFO  app[][o.s.a.SchedulerImpl] Process[web] is up
2022.03.14 10:30:04 INFO  app[][o.s.a.p.ProcessLauncherImpl] Launch process[[key='ce', ipcIndex=3, logFilenamePrefix=ce]] from [/home/ubuntu/sonarqube-7.3]: /usr/lib/jvm/java-11-openjdk-amd64/bin/java -Djava.awt.headless=true -Dfile.encoding=UTF-8 -Djava.io.tmpdir=/home/ubuntu/sonarqube-7.3/temp -Xmx512m -Xms128m -XX:+HeapDumpOnOutOfMemoryError -cp ./lib/common/*:/home/ubuntu/sonarqube-7.3/lib/jdbc/h2/h2-1.3.176.jar org.sonar.ce.app.CeServer /home/ubuntu/sonarqube-7.3/temp/sq-process10069870441618850217properties
WARNING: An illegal reflective access operation has occurred
WARNING: Illegal reflective access by io.netty.util.internal.ReflectionUtil (file:/home/ubuntu/sonarqube-7.3/lib/common/netty-common-4.1.13.Final.jar) to constructor java.nio.DirectByteBuffer(long,int)
WARNING: Please consider reporting this to the maintainers of io.netty.util.internal.ReflectionUtil
WARNING: Use --illegal-access=warn to enable warnings of further illegal reflective access operations
WARNING: All illegal access operations will be denied in a future release
2022.03.14 10:30:09 INFO  app[][o.s.a.SchedulerImpl] Process[ce] is up
2022.03.14 10:30:09 INFO  app[][o.s.a.SchedulerImpl] SonarQube is up
